{"name": "test_two", "status": "failed", "statusDetails": {"message": "AssertionError: assert 1 == 2", "trace": "self = <test_001.Test_first object at 0x110f139d0>\n\n    def test_two(self):\n        # test_three(self)\n        print(\"执行test_two\")\n>       assert 1==2\nE       assert 1 == 2\n\ntest_001.py:25: AssertionError"}, "start": 1591838510584, "stop": 1591838510585, "uuid": "a9acbf20-b5ae-40df-93fb-c9a554c43455", "historyId": "d3922effe980643f5b422699797d3bcc", "testCaseId": "9f0ebe2af9d276e1bccac18b2028169d", "fullName": "test_001.Test_first#test_two", "labels": [{"name": "feature", "value": "产品需求"}, {"name": "suite", "value": "test_001"}, {"name": "subSuite", "value": "Test_first"}, {"name": "host", "value": "xiaoffdeMacBook-Pro.local"}, {"name": "thread", "value": "958-MainThread"}, {"name": "framework", "value": "pytest"}, {"name": "language", "value": "cpython3"}, {"name": "package", "value": "test_001"}]}